18:39:59.557 [main] DEBUG api.test.UserTest - debugging.......
18:39:59.595 [main] INFO  api.test.UserTest - ************* Creating User ******************
18:40:02.730 [main] INFO  api.test.UserTest - ************* User is Created ******************
18:40:02.748 [main] INFO  api.test.UserTest - ************* Reading user info ******************
18:40:03.737 [main] INFO  api.test.UserTest - ************* User info is Displayed ******************
18:40:03.740 [main] INFO  api.test.UserTest - ************* Updating User ******************
18:40:04.816 [main] INFO  api.test.UserTest - ************* User is Updated ******************
18:40:05.860 [main] INFO  api.test.UserTest - ************* Deleting User ******************
18:40:06.836 [main] INFO  api.test.UserTest - ************* User Deleted ******************
18:42:23.144 [main] DEBUG api.test.UserTest - debugging.......
18:42:23.182 [main] INFO  api.test.UserTest - ************* Creating User ******************
18:42:26.210 [main] INFO  api.test.UserTest - ************* User is Created ******************
18:42:26.226 [main] INFO  api.test.UserTest - ************* Reading user info ******************
18:42:27.260 [main] INFO  api.test.UserTest - ************* User info is Displayed ******************
18:42:27.263 [main] INFO  api.test.UserTest - ************* Updating User ******************
18:42:28.354 [main] INFO  api.test.UserTest - ************* User is Updated ******************
18:42:29.517 [main] INFO  api.test.UserTest - ************* Deleting User ******************
18:42:30.558 [main] INFO  api.test.UserTest - ************* User Deleted ******************
18:43:45.628 [main] INFO  api.test.UserTest - ************* Creating User ******************
18:43:48.636 [main] INFO  api.test.UserTest - ************* User is Created ******************
18:43:48.655 [main] INFO  api.test.UserTest - ************* Reading user info ******************
18:43:49.680 [main] INFO  api.test.UserTest - ************* User info is Displayed ******************
18:43:49.684 [main] INFO  api.test.UserTest - ************* Updating User ******************
18:43:50.702 [main] INFO  api.test.UserTest - ************* User is Updated ******************
18:43:51.734 [main] INFO  api.test.UserTest - ************* Deleting User ******************
18:43:52.715 [main] INFO  api.test.UserTest - ************* User Deleted ******************
15:12:15.053 [main] INFO  api.test.UserTest2 - ************* Creating User ******************
15:12:18.423 [main] INFO  api.test.UserTest2 - ************* User is Created ******************
15:12:18.445 [main] INFO  api.test.UserTest2 - ************* Reading user info ******************
15:12:19.384 [main] INFO  api.test.UserTest2 - ************* User info is Displayed ******************
15:12:19.387 [main] INFO  api.test.UserTest2 - ************* Updating User ******************
15:12:20.348 [main] INFO  api.test.UserTest2 - ************* User is Updated ******************
15:12:21.296 [main] INFO  api.test.UserTest2 - ************* Deleting User ******************
15:13:47.208 [main] INFO  api.test.UserTest2 - ************* Creating User ******************
15:13:50.187 [main] INFO  api.test.UserTest2 - ************* User is Created ******************
15:13:50.204 [main] INFO  api.test.UserTest2 - ************* Reading user info ******************
15:13:51.179 [main] INFO  api.test.UserTest2 - ************* User info is Displayed ******************
15:13:51.186 [main] INFO  api.test.UserTest2 - ************* Updating User ******************
15:13:52.164 [main] INFO  api.test.UserTest2 - ************* User is Updated ******************
15:13:53.153 [main] INFO  api.test.UserTest2 - ************* Deleting User ******************
15:16:04.647 [main] INFO  api.test.UserTest2 - ************* Creating User ******************
15:16:07.719 [main] INFO  api.test.UserTest2 - ************* User is Created ******************
15:16:07.742 [main] INFO  api.test.UserTest2 - ************* Reading user info ******************
15:16:08.739 [main] INFO  api.test.UserTest2 - ************* User info is Displayed ******************
15:16:08.743 [main] INFO  api.test.UserTest2 - ************* Updating User ******************
15:16:09.776 [main] INFO  api.test.UserTest2 - ************* User is Updated ******************
15:16:10.684 [main] INFO  api.test.UserTest2 - ************* Deleting User ******************
15:16:11.593 [main] INFO  api.test.UserTest2 - ************* User Deleted ******************
14:50:59.978 [main] INFO  api.test.UserTest - ************* Creating User ******************
14:51:01.087 [main] INFO  api.test.UserTest - ************* User is Created ******************
14:51:01.091 [main] INFO  api.test.UserTest - ************* Reading user info ******************
14:51:02.118 [main] INFO  api.test.UserTest - ************* User info is Displayed ******************
14:51:02.122 [main] INFO  api.test.UserTest - ************* Updating User ******************
14:51:03.239 [main] INFO  api.test.UserTest - ************* User is Updated ******************
14:51:04.188 [main] INFO  api.test.UserTest - ************* Deleting User ******************
14:51:05.099 [main] INFO  api.test.UserTest - ************* User Deleted ******************
14:54:34.721 [main] INFO  api.test.UserTest - ************* Creating User ******************
14:54:35.813 [main] INFO  api.test.UserTest - ************* User is Created ******************
14:54:35.817 [main] INFO  api.test.UserTest - ************* Reading user info ******************
14:54:36.844 [main] INFO  api.test.UserTest - ************* User info is Displayed ******************
14:54:36.846 [main] INFO  api.test.UserTest - ************* Updating User ******************
14:54:37.937 [main] INFO  api.test.UserTest - ************* User is Updated ******************
14:54:38.920 [main] INFO  api.test.UserTest - ************* Deleting User ******************
14:54:39.898 [main] INFO  api.test.UserTest - ************* User Deleted ******************
16:31:05.969 [main] INFO  api.test.UserTest - ************* Creating User ******************
16:31:07.005 [main] INFO  api.test.UserTest - ************* User is Created ******************
16:31:07.007 [main] INFO  api.test.UserTest - ************* Reading user info ******************
16:31:08.012 [main] INFO  api.test.UserTest - ************* User info is Displayed ******************
16:31:08.014 [main] INFO  api.test.UserTest - ************* Updating User ******************
16:31:09.046 [main] INFO  api.test.UserTest - ************* User is Updated ******************
16:31:10.000 [main] INFO  api.test.UserTest - ************* Deleting User ******************
16:31:10.931 [main] INFO  api.test.UserTest - ************* User Deleted ******************
16:35:37.757 [main] INFO  api.test.UserTest - ************* Creating User ******************
16:35:38.817 [main] INFO  api.test.UserTest - ************* User is Created ******************
16:35:38.819 [main] INFO  api.test.UserTest - ************* Reading user info ******************
16:35:39.771 [main] INFO  api.test.UserTest - ************* User info is Displayed ******************
16:35:39.772 [main] INFO  api.test.UserTest - ************* Updating User ******************
16:35:40.751 [main] INFO  api.test.UserTest - ************* User is Updated ******************
16:35:41.670 [main] INFO  api.test.UserTest - ************* Deleting User ******************
16:35:42.594 [main] INFO  api.test.UserTest - ************* User Deleted ******************
